2026-05-12 21:02:52 | INFO | ============================================================
2026-05-12 21:02:52 | INFO | Sistema Software FJ iniciado
2026-05-12 21:02:52 | INFO | ============================================================
2026-05-12 21:02:52 | INFO | Cliente creado: Laura Lopez | Email: laura.lopez@empresa.com
2026-05-12 21:02:52 | INFO | Cliente creado: Luis Martínez | Email: luis.martinez@gmail.com
2026-05-12 21:02:52 | WARNING | Cliente no registrado (datos inválidos): [ERR_CLIENTE] Email inválido: 'email-invalido-sin-arroba'. Formato esperado: usuario@dominio.com (ocurrido: 21:02:52)
2026-05-12 21:02:52 | ERROR | Error del sistema al registrar cliente: [ERR_PARAMETRO] Parámetro obligatorio faltante: 'nombre' (ocurrido: 21:02:52)
2026-05-12 21:02:52 | INFO | Cliente creado: Sofía Herrera | Email: sofia.h@consultores.co
2026-05-12 21:02:52 | INFO | Sala creada: Sala Innovación | Tipo: conferencia | Cap: 20 personas
2026-05-12 21:02:52 | INFO | Servicio registrado: Sala Innovación | ID: ae115cfa
2026-05-12 21:02:52 | INFO | Equipo creado: Laptop Dell XPS 15 | Categoría: laptop_premium | Unidades: 5
2026-05-12 21:02:52 | INFO | Servicio registrado: Laptop Dell XPS 15 | ID: 9c9ec89d
2026-05-12 21:02:52 | INFO | Asesoría creada: Consultoría TI Senior | Área: tecnologia | Nivel: senior
2026-05-12 21:02:52 | INFO | Servicio registrado: Consultoría TI Senior | ID: 43880aa4
2026-05-12 21:02:52 | WARNING | Servicio inválido rechazado: [ERR_SERVICIO] El precio base debe ser mayor a 0, recibido: -5000 (ocurrido: 21:02:52)
2026-05-12 21:02:52 | WARNING | Tipo de sala rechazado: [ERR_SERVICIO] Tipo de sala 'penthouse' no válido. Opciones: ['basica', 'conferencia', 'capacitacion', 'ejecutiva'] (ocurrido: 21:02:52)
2026-05-12 21:02:52 | DEBUG | Reserva 8e4fbcda-4 agregada al cliente Laura Lopez
2026-05-12 21:02:52 | DEBUG | Intento de creación de reserva procesado (finally)
2026-05-12 21:02:52 | DEBUG | Costo sala 'Sala Innovación': $225,000 (3.0h × multiplicador 1.5)
2026-05-12 21:02:52 | INFO | Reserva 8e4fbcda-4 CONFIRMADA | Cliente: Laura Lopez | Servicio: Sala Innovación | Costo: $240,975 | Horas: 3.0
2026-05-12 21:02:52 | INFO | Reserva 8e4fbcda-4 iniciada: servicio 'Sala Innovación' en proceso
2026-05-12 21:02:52 | INFO | Reserva 8e4fbcda-4 COMPLETADA exitosamente
2026-05-12 21:02:52 | DEBUG | Estado final de reserva 8e4fbcda-4: completada
2026-05-12 21:02:52 | DEBUG | Reserva 8bdcb7b2-1 agregada al cliente Luis Martínez
2026-05-12 21:02:52 | DEBUG | Intento de creación de reserva procesado (finally)
2026-05-12 21:02:52 | INFO | Reserva 8bdcb7b2-1 CONFIRMADA | Cliente: Luis Martínez | Servicio: Laptop Dell XPS 15 | Costo: $440,000 | Horas: 8.0
2026-05-12 21:02:52 | INFO | Reserva 8bdcb7b2-1 iniciada: servicio 'Laptop Dell XPS 15' en proceso
2026-05-12 21:02:52 | INFO | Reserva 8bdcb7b2-1 COMPLETADA exitosamente
2026-05-12 21:02:52 | DEBUG | Estado final de reserva 8bdcb7b2-1: completada
2026-05-12 21:02:52 | DEBUG | Reserva 4b575afd-2 agregada al cliente Sofía Herrera
2026-05-12 21:02:52 | DEBUG | Intento de creación de reserva procesado (finally)
2026-05-12 21:02:52 | DEBUG | Descuento del 15% aplicado a asesoría larga (6.0h) en 'Consultoría TI Senior'
2026-05-12 21:02:52 | INFO | Reserva 4b575afd-2 CONFIRMADA | Cliente: Sofía Herrera | Servicio: Consultoría TI Senior | Costo: $971,040 | Horas: 6.0
2026-05-12 21:02:52 | INFO | Reserva 4b575afd-2 iniciada: servicio 'Consultoría TI Senior' en proceso
2026-05-12 21:02:52 | INFO | Sesión completada en asesoría 'Consultoría TI Senior'. Total: 1
2026-05-12 21:02:52 | INFO | Reserva 4b575afd-2 COMPLETADA exitosamente
2026-05-12 21:02:52 | DEBUG | Estado final de reserva 4b575afd-2: completada
2026-05-12 21:02:52 | ERROR | Error al crear reserva para cliente 'N/A'
2026-05-12 21:02:52 | DEBUG | Intento de creación de reserva procesado (finally)
2026-05-12 21:02:52 | ERROR | Parámetro faltante en reserva: [ERR_PARAMETRO] Parámetro obligatorio faltante: 'cliente' (ocurrido: 21:02:52)
2026-05-12 21:02:52 | ERROR | Error al crear reserva para cliente 'Laura Lopez'
2026-05-12 21:02:52 | DEBUG | Intento de creación de reserva procesado (finally)
2026-05-12 21:02:52 | ERROR | Reserva inválida: [ERR_RESERVA] Las horas (25) no son válidas para el servicio 'Consultoría TI Senior' (ocurrido: 21:02:52)
2026-05-12 21:02:52 | DEBUG | Costo sala 'Sala Innovación': $300,000 (4h × multiplicador 1.5)
2026-05-12 21:02:52 | DEBUG | Costo sala 'Sala Innovación': $300,000 (4h × multiplicador 1.5)
2026-05-12 21:02:52 | DEBUG | Costo sala 'Sala Innovación': $300,000 (4h × multiplicador 1.5)
2026-05-12 21:02:52 | ERROR | Tasa de impuesto inválida rechazada: [ERR_CALCULO] Tasa de impuesto inválida: 2.5. Debe estar entre 0 y 1 (ocurrido: 21:02:52)
2026-05-12 21:14:25 | INFO | ============================================================
2026-05-12 21:14:25 | INFO | Sistema Software FJ iniciado
2026-05-12 21:14:25 | INFO | ============================================================
2026-05-12 21:14:25 | INFO | Cliente creado: Laura Lopez | Email: laura.lopez@empresa.com
2026-05-12 21:14:25 | INFO | Cliente creado: Luis Martínez | Email: luis.martinez@gmail.com
2026-05-12 21:14:25 | WARNING | Cliente no registrado (datos inválidos): [ERR_CLIENTE] Email inválido: 'email-invalido-sin-arroba'. Formato esperado: usuario@dominio.com (ocurrido: 21:14:25)
2026-05-12 21:14:25 | ERROR | Error del sistema al registrar cliente: [ERR_PARAMETRO] Parámetro obligatorio faltante: 'nombre' (ocurrido: 21:14:25)
2026-05-12 21:14:25 | INFO | Cliente creado: Sofía Herrera | Email: sofia.h@consultores.co
2026-05-12 21:14:25 | INFO | Sala creada: Sala Innovación | Tipo: conferencia | Cap: 20 personas
2026-05-12 21:14:25 | INFO | Servicio registrado: Sala Innovación | ID: 5fb50fb3
2026-05-12 21:14:25 | INFO | Equipo creado: Laptop Dell XPS 15 | Categoría: laptop_premium | Unidades: 5
2026-05-12 21:14:25 | INFO | Servicio registrado: Laptop Dell XPS 15 | ID: 9882d637
2026-05-12 21:14:25 | INFO | Asesoría creada: Consultoría TI Senior | Área: tecnologia | Nivel: senior
2026-05-12 21:14:25 | INFO | Servicio registrado: Consultoría TI Senior | ID: 3d198424
2026-05-12 21:14:25 | WARNING | Servicio inválido rechazado: [ERR_SERVICIO] El precio base debe ser mayor a 0, recibido: -5000 (ocurrido: 21:14:25)
2026-05-12 21:14:25 | WARNING | Tipo de sala rechazado: [ERR_SERVICIO] Tipo de sala 'penthouse' no válido. Opciones: ['basica', 'conferencia', 'capacitacion', 'ejecutiva'] (ocurrido: 21:14:25)
2026-05-12 21:14:25 | DEBUG | Reserva a782885e-1 agregada al cliente Laura Lopez
2026-05-12 21:14:25 | DEBUG | Intento de creación de reserva procesado (finally)
2026-05-12 21:14:25 | DEBUG | Costo sala 'Sala Innovación': $225,000 (3.0h × multiplicador 1.5)
2026-05-12 21:14:25 | INFO | Reserva a782885e-1 CONFIRMADA | Cliente: Laura Lopez | Servicio: Sala Innovación | Costo: $240,975 | Horas: 3.0
2026-05-12 21:14:25 | INFO | Reserva a782885e-1 iniciada: servicio 'Sala Innovación' en proceso
2026-05-12 21:14:25 | INFO | Reserva a782885e-1 COMPLETADA exitosamente
2026-05-12 21:14:25 | DEBUG | Estado final de reserva a782885e-1: completada
2026-05-12 21:14:25 | DEBUG | Reserva 5c3e7dea-c agregada al cliente Luis Martínez
2026-05-12 21:14:25 | DEBUG | Intento de creación de reserva procesado (finally)
2026-05-12 21:14:25 | INFO | Reserva 5c3e7dea-c CONFIRMADA | Cliente: Luis Martínez | Servicio: Laptop Dell XPS 15 | Costo: $440,000 | Horas: 8.0
2026-05-12 21:14:25 | INFO | Reserva 5c3e7dea-c iniciada: servicio 'Laptop Dell XPS 15' en proceso
2026-05-12 21:14:25 | INFO | Reserva 5c3e7dea-c COMPLETADA exitosamente
2026-05-12 21:14:25 | DEBUG | Estado final de reserva 5c3e7dea-c: completada
2026-05-12 21:14:25 | DEBUG | Reserva 8f46ed4f-7 agregada al cliente Sofía Herrera
2026-05-12 21:14:25 | DEBUG | Intento de creación de reserva procesado (finally)
2026-05-12 21:14:25 | DEBUG | Descuento del 15% aplicado a asesoría larga (6.0h) en 'Consultoría TI Senior'
2026-05-12 21:14:25 | INFO | Reserva 8f46ed4f-7 CONFIRMADA | Cliente: Sofía Herrera | Servicio: Consultoría TI Senior | Costo: $971,040 | Horas: 6.0
2026-05-12 21:14:25 | INFO | Reserva 8f46ed4f-7 iniciada: servicio 'Consultoría TI Senior' en proceso
2026-05-12 21:14:25 | INFO | Sesión completada en asesoría 'Consultoría TI Senior'. Total: 1
2026-05-12 21:14:25 | INFO | Reserva 8f46ed4f-7 COMPLETADA exitosamente
2026-05-12 21:14:25 | DEBUG | Estado final de reserva 8f46ed4f-7: completada
2026-05-12 21:14:25 | ERROR | Error al crear reserva para cliente 'N/A'
2026-05-12 21:14:25 | DEBUG | Intento de creación de reserva procesado (finally)
2026-05-12 21:14:25 | ERROR | Parámetro faltante en reserva: [ERR_PARAMETRO] Parámetro obligatorio faltante: 'cliente' (ocurrido: 21:14:25)
2026-05-12 21:14:25 | ERROR | Error al crear reserva para cliente 'Laura Lopez'
2026-05-12 21:14:25 | DEBUG | Intento de creación de reserva procesado (finally)
2026-05-12 21:14:25 | ERROR | Reserva inválida: [ERR_RESERVA] Las horas (25) no son válidas para el servicio 'Consultoría TI Senior' (ocurrido: 21:14:25)
2026-05-12 21:14:25 | DEBUG | Costo sala 'Sala Innovación': $300,000 (4h × multiplicador 1.5)
2026-05-12 21:14:25 | DEBUG | Costo sala 'Sala Innovación': $300,000 (4h × multiplicador 1.5)
2026-05-12 21:14:25 | DEBUG | Costo sala 'Sala Innovación': $300,000 (4h × multiplicador 1.5)
2026-05-12 21:14:25 | ERROR | Tasa de impuesto inválida rechazada: [ERR_CALCULO] Tasa de impuesto inválida: 2.5. Debe estar entre 0 y 1 (ocurrido: 21:14:25)
